<?xml version="1.0" encoding="UTF-8"?>
<testng-results ignored="0" total="2" passed="2" failed="0" skipped="0">
  <reporter-output>
  </reporter-output>
  <suite started-at="2024-09-14T17:58:31 IST" name="Master" finished-at="2024-09-14T17:59:20 IST" duration-ms="48830">
    <groups>
      <group name="Sanity">
        <method signature="TC002_Logintest.verify_Login()[pri:0, instance:testCases.TC002_Logintest@2ef14fe]" name="verify_Login" class="testCases.TC002_Logintest"/>
      </group> <!-- Sanity -->
      <group name="Regression">
        <method signature="TC001_AccountRegistrationTest.verify_account_registration()[pri:0, instance:testCases.TC001_AccountRegistrationTest@545b995e]" name="verify_account_registration" class="testCases.TC001_AccountRegistrationTest"/>
      </group> <!-- Regression -->
    </groups>
    <test started-at="2024-09-14T17:58:31 IST" name="Test" finished-at="2024-09-14T17:59:20 IST" duration-ms="48830">
      <class name="testCases.TC002_Logintest">
        <test-method is-config="true" signature="setup(java.lang.String,java.lang.String)[pri:0, instance:testCases.TC002_Logintest@2ef14fe]" started-at="2024-09-14T17:58:56 IST" name="setup" finished-at="2024-09-14T17:58:58 IST" duration-ms="2041" status="PASS">
          <params>
            <param index="0">
              <value>
                <![CDATA[windows]]>
              </value>
            </param>
            <param index="1">
              <value>
                <![CDATA[chrome]]>
              </value>
            </param>
          </params>
          <reporter-output>
          </reporter-output>
        </test-method> <!-- setup -->
        <test-method signature="verify_Login()[pri:0, instance:testCases.TC002_Logintest@2ef14fe]" started-at="2024-09-14T17:58:58 IST" name="verify_Login" finished-at="2024-09-14T17:59:20 IST" duration-ms="21414" status="PASS">
          <reporter-output>
          </reporter-output>
        </test-method> <!-- verify_Login -->
      </class> <!-- testCases.TC002_Logintest -->
      <class name="testCases.TC001_AccountRegistrationTest">
        <test-method is-config="true" signature="setup(java.lang.String,java.lang.String)[pri:0, instance:testCases.TC001_AccountRegistrationTest@545b995e]" started-at="2024-09-14T17:58:31 IST" name="setup" finished-at="2024-09-14T17:58:34 IST" duration-ms="3382" status="PASS">
          <params>
            <param index="0">
              <value>
                <![CDATA[windows]]>
              </value>
            </param>
            <param index="1">
              <value>
                <![CDATA[chrome]]>
              </value>
            </param>
          </params>
          <reporter-output>
          </reporter-output>
        </test-method> <!-- setup -->
        <test-method signature="verify_account_registration()[pri:0, instance:testCases.TC001_AccountRegistrationTest@545b995e]" started-at="2024-09-14T17:58:34 IST" name="verify_account_registration" finished-at="2024-09-14T17:58:56 IST" duration-ms="21841" status="PASS">
          <reporter-output>
          </reporter-output>
        </test-method> <!-- verify_account_registration -->
      </class> <!-- testCases.TC001_AccountRegistrationTest -->
    </test> <!-- Test -->
  </suite> <!-- Master -->
</testng-results>
